[2019-01-12 14:05:07] _LOG_.INFO: PHP Deprecated (8192): ini_set(): Use of mbstring.internal_encoding is deprecated in /Users/tomeyZ/workspace/SimplePHP/app/controller/Index.php on line 19 #0 [internal function]: core\simplephp\ErrorHandler->handleError(8192, 'ini_set(): Use ...', '/Users/tomeyZ/w...', 19, Array) #1 /Users/tomeyZ/workspace/SimplePHP/app/controller/Index.php(19): ini_set('mbstring.intern...', 'UTF-8') #2 /Users/tomeyZ/workspace/SimplePHP/core/simplephp/App.php(36): app\controller\Index->test() #3 /Users/tomeyZ/workspace/SimplePHP/core/init.php(20): core\simplephp\App::run() #4 /Users/tomeyZ/workspace/SimplePHP/public/index.php(5): require('/Users/tomeyZ/w...') #5 {main} [] []
[2019-01-12 14:05:28] _LOG_.INFO: PHP Deprecated (8192): ini_set(): Use of mbstring.internal_encoding is deprecated in /Users/tomeyZ/workspace/SimplePHP/app/controller/Index.php on line 19  [] []
[2019-01-12 14:05:37] _LOG_.INFO: PHP Deprecated (8192): ini_set(): Use of mbstring.internal_encoding is deprecated in /Users/tomeyZ/workspace/SimplePHP/app/controller/Index.php on line 19  [] []
[2019-01-12 14:05:37] _LOG_.INFO: PHP Deprecated (8192): ini_set(): Use of mbstring.internal_encoding is deprecated in /Users/tomeyZ/workspace/SimplePHP/app/controller/Index.php on line 19  [] []
[2019-01-12 14:05:38] _LOG_.INFO: PHP Deprecated (8192): ini_set(): Use of mbstring.internal_encoding is deprecated in /Users/tomeyZ/workspace/SimplePHP/app/controller/Index.php on line 19  [] []
[2019-01-12 14:05:38] _LOG_.INFO: PHP Deprecated (8192): ini_set(): Use of mbstring.internal_encoding is deprecated in /Users/tomeyZ/workspace/SimplePHP/app/controller/Index.php on line 19  [] []
[2019-01-12 14:05:51] _LOG_.NOTICE: PHP Error (0): syntax error, unexpected '}' in /Users/tomeyZ/workspace/SimplePHP/app/controller/Index.php on line 35  [] []
[2019-01-12 14:05:59] _LOG_.NOTICE: PHP Error (0): syntax error, unexpected '}' in /Users/tomeyZ/workspace/SimplePHP/app/controller/Index.php on line 35  [] []
[2019-01-12 14:06:09] _LOG_.NOTICE: PHP Error (0): syntax error, unexpected '}' in /Users/tomeyZ/workspace/SimplePHP/app/controller/Index.php on line 35 #0 /Users/tomeyZ/workspace/SimplePHP/core/init.php(20): core\simplephp\App::run() #1 /Users/tomeyZ/workspace/SimplePHP/public/index.php(5): require('/Users/tomeyZ/w...') #2 {main} [] []
[2019-01-12 14:06:22] _LOG_.NOTICE: PHP Error (0): syntax error, unexpected '}' in /Users/tomeyZ/workspace/SimplePHP/app/controller/Index.php on line 35  [] []
[2019-01-12 14:06:28] _LOG_.ERROR: Framework Error (1000): /Users/tomeyZ/workspace/SimplePHP/app/model/UserDetaild.php实例化模型类不存在！ in /Users/tomeyZ/workspace/SimplePHP/app/controller/Index.php on line 10  [] []
[2019-01-12 14:07:47] _LOG_.ERROR: Framework Error (1000): UserDetaild实例化模型类不存在！ in /Users/tomeyZ/workspace/SimplePHP/app/controller/Index.php on line 10  [] []
[2019-01-12 14:08:01] _LOG_.ERROR: Framework Error (1000): /Users/tomeyZ/workspace/SimplePHP/app/model/UserDetaild.php 实例化模型类不存在！ in /Users/tomeyZ/workspace/SimplePHP/app/controller/Index.php on line 10  [] []
[2019-01-12 15:03:56] _LOG_.NOTICE: PHP Error (0): syntax error, unexpected '}' in /Users/tomeyZ/workspace/SimplePHP/app/controller/Index.php on line 35 #0 /Users/tomeyZ/workspace/SimplePHP/core/init.php(20): core\simplephp\App::run() #1 /Users/tomeyZ/workspace/SimplePHP/public/index.php(5): require('/Users/tomeyZ/w...') #2 {main} [] []
[2019-01-12 15:03:58] _LOG_.NOTICE: PHP Error (0): syntax error, unexpected '}' in /Users/tomeyZ/workspace/SimplePHP/app/controller/Index.php on line 35 #0 /Users/tomeyZ/workspace/SimplePHP/core/init.php(20): core\simplephp\App::run() #1 /Users/tomeyZ/workspace/SimplePHP/public/index.php(5): require('/Users/tomeyZ/w...') #2 {main} [] []
[2019-01-12 15:04:06] _LOG_.ERROR: Framework Error (1000): /Users/tomeyZ/workspace/SimplePHP/app/model/UserDetaild.php 实例化模型类不存在！ in /Users/tomeyZ/workspace/SimplePHP/app/controller/Index.php on line 10 #0 /Users/tomeyZ/workspace/SimplePHP/app/controller/Index.php(10): M('UserDetaild') #1 /Users/tomeyZ/workspace/SimplePHP/core/simplephp/App.php(36): app\controller\Index->index() #2 /Users/tomeyZ/workspace/SimplePHP/core/init.php(20): core\simplephp\App::run() #3 /Users/tomeyZ/workspace/SimplePHP/public/index.php(5): require('/Users/tomeyZ/w...') #4 {main} [] []
[2019-01-12 15:04:47] _LOG_.ERROR: Framework Error (1000): /Users/tomeyZ/workspace/SimplePHP/app/model/UserDetaild.php 实例化模型类不存在！ in /Users/tomeyZ/workspace/SimplePHP/app/controller/Index.php on line 10  [] []
[2019-01-12 15:04:48] _LOG_.ERROR: Framework Error (1000): /Users/tomeyZ/workspace/SimplePHP/app/model/UserDetaild.php 实例化模型类不存在！ in /Users/tomeyZ/workspace/SimplePHP/app/controller/Index.php on line 10  [] []
[2019-01-12 15:04:48] _LOG_.ERROR: Framework Error (1000): /Users/tomeyZ/workspace/SimplePHP/app/model/UserDetaild.php 实例化模型类不存在！ in /Users/tomeyZ/workspace/SimplePHP/app/controller/Index.php on line 10  [] []
[2019-01-12 15:04:49] _LOG_.ERROR: Framework Error (1000): /Users/tomeyZ/workspace/SimplePHP/app/model/UserDetaild.php 实例化模型类不存在！ in /Users/tomeyZ/workspace/SimplePHP/app/controller/Index.php on line 10  [] []
[2019-01-12 15:05:08] _LOG_.ERROR: Framework Error (1000): /Users/tomeyZ/workspace/SimplePHP/app/model/UserDetaild.php 实例化模型类不存在. in /Users/tomeyZ/workspace/SimplePHP/app/controller/Index.php on line 10  [] []
[2019-01-12 15:05:22] _LOG_.ERROR: Framework Error (1000): /Users/tomeyZ/workspace/SimplePHP/app/model/UserDetaild.php实例化模型类不存在 in /Users/tomeyZ/workspace/SimplePHP/app/controller/Index.php on line 10  [] []
[2019-01-12 15:07:09] _LOG_.ERROR: Framework Error (1000): /Users/tomeyZ/workspace/SimplePHP/app/model/UserDetaild.php实例化模型类不存在 in /Users/tomeyZ/workspace/SimplePHP/app/controller/Index.php on line 10  [] []
[2019-01-12 15:07:17] _LOG_.ERROR: Framework Error (1000): /Users/tomeyZ/workspace/SimplePHP/app/model/UserDetaild.php实例化模型类不存在 in /Users/tomeyZ/workspace/SimplePHP/app/controller/Index.php on line 10  [] []
[2019-01-12 15:08:40] _LOG_.ERROR: Framework Error (1000): inde方法不存在 in /Users/tomeyZ/workspace/SimplePHP/core/init.php on line 20  [] []
[2019-01-12 15:09:20] _LOG_.ERROR: Framework Error (1000): inde方法不存在 in /Users/tomeyZ/workspace/SimplePHP/core/init.php on line 20  [] []
[2019-01-12 15:09:58] _LOG_.ERROR: Framework Error (1000): Index1控制器不存在 in /Users/tomeyZ/workspace/SimplePHP/core/init.php on line 20  [] []
[2019-01-12 15:10:29] _LOG_.ERROR: Framework Error (1000): /Users/tomeyZ/workspace/SimplePHP/app/model/UserDetaild.php实例化模型类不存在 in /Users/tomeyZ/workspace/SimplePHP/app/controller/Index.php on line 10 #0 /Users/tomeyZ/workspace/SimplePHP/app/controller/Index.php(10): M('UserDetaild') #1 /Users/tomeyZ/workspace/SimplePHP/core/simplephp/App.php(36): app\controller\Index->index() #2 /Users/tomeyZ/workspace/SimplePHP/core/init.php(20): core\simplephp\App::run() #3 /Users/tomeyZ/workspace/SimplePHP/public/index.php(5): require('/Users/tomeyZ/w...') #4 {main} [] []
[2019-01-12 15:10:34] _LOG_.ERROR: Framework Error (1000): Index1控制器不存在 in /Users/tomeyZ/workspace/SimplePHP/core/init.php on line 20 #0 /Users/tomeyZ/workspace/SimplePHP/core/init.php(20): core\simplephp\App::run() #1 /Users/tomeyZ/workspace/SimplePHP/public/index.php(5): require('/Users/tomeyZ/w...') #2 {main} [] []
[2019-01-12 15:10:41] _LOG_.ERROR: Framework Error (1000): Index1控制器不存在 in /Users/tomeyZ/workspace/SimplePHP/core/init.php on line 20 #0 /Users/tomeyZ/workspace/SimplePHP/core/init.php(20): core\simplephp\App::run() #1 /Users/tomeyZ/workspace/SimplePHP/public/index.php(5): require('/Users/tomeyZ/w...') #2 {main} [] []
[2019-01-12 15:17:34] _LOG_.ERROR: Framework Error (1000): Index1控制器不存在 in /Users/tomeyZ/workspace/SimplePHP/core/init.php on line 20 #0 /Users/tomeyZ/workspace/SimplePHP/core/init.php(20): core\simplephp\App::run() #1 /Users/tomeyZ/workspace/SimplePHP/public/index.php(5): require('/Users/tomeyZ/w...') #2 {main} [] []
[2019-01-12 15:18:10] _LOG_.ERROR: Framework Error (1000): Index1控制器不存在 in /Users/tomeyZ/workspace/SimplePHP/core/init.php on line 20 #0 /Users/tomeyZ/workspace/SimplePHP/core/init.php(20): core\simplephp\App::run() #1 /Users/tomeyZ/workspace/SimplePHP/public/index.php(5): require('/Users/tomeyZ/w...') #2 {main} [] []
[2019-01-12 15:23:06] _LOG_.ERROR: PHP Fatal Error (1): Class 'core\simplephp\think\Model' not found in /Users/tomeyZ/workspace/SimplePHP/core/simplephp/Model.php on line 10 #0 [internal function]: core\simplephp\ErrorHandler->handleFatalError() #1 {main} [] []
[2019-01-12 15:24:21] _LOG_.ERROR: PHP Error (1049): SQLSTATE[HY000] [1049] Unknown database 'log' in /Users/tomeyZ/workspace/SimplePHP/vendor/topthink/think-orm/src/db/Connection.php on line 503 #0 /Users/tomeyZ/workspace/SimplePHP/vendor/topthink/think-orm/src/db/Connection.php(503): PDO->__construct('mysql:host=127....', 'root', 'root', Array) #1 /Users/tomeyZ/workspace/SimplePHP/vendor/topthink/think-orm/src/db/Connection.php(2014): think\db\Connection->connect() #2 /Users/tomeyZ/workspace/SimplePHP/vendor/topthink/think-orm/src/db/Connection.php(618): think\db\Connection->initConnect(false) #3 /Users/tomeyZ/workspace/SimplePHP/vendor/topthink/think-orm/src/db/connector/Mysql.php(90): think\db\Connection->query('SHOW COLUMNS FR...', Array, false, true) #4 /Users/tomeyZ/workspace/SimplePHP/vendor/topthink/think-orm/src/db/Connection.php(379): think\db\connector\Mysql->getFields('`user_detail`') #5 /Users/tomeyZ/workspace/SimplePHP/vendor/topthink/think-orm/src/db/Connection.php(433): think\db\Connection->getTableInfo('user_detail', 'bind') #6 /Users/tomeyZ/workspace/SimplePHP/vendor/topthink/think-orm/src/db/Builder.php(293): think\db\Connection->getFieldsBind('user_detail') #7 /Users/tomeyZ/workspace/SimplePHP/vendor/topthink/think-orm/src/db/Builder.php(264): think\db\Builder->buildWhere(Object(think\db\Query), Array) #8 /Users/tomeyZ/workspace/SimplePHP/vendor/topthink/think-orm/src/db/Builder.php(978): think\db\Builder->parseWhere(Object(think\db\Query), Array) #9 /Users/tomeyZ/workspace/SimplePHP/vendor/topthink/think-orm/src/db/Connection.php(801): think\db\Builder->select(Object(think\db\Query)) #10 /Users/tomeyZ/workspace/SimplePHP/vendor/topthink/think-orm/src/db/Query.php(2984): think\db\Connection->find(Object(think\db\Query)) #11 /Users/tomeyZ/workspace/SimplePHP/app/model/UserDetail.php(12): think\db\Query->find() #12 /Users/tomeyZ/workspace/SimplePHP/app/controller/Index.php(11): app\model\UserDetail->getDatas() #13 /Users/tomeyZ/workspace/SimplePHP/core/simplephp/App.php(36): app\controller\Index->index() #14 /Users/tomeyZ/workspace/SimplePHP/core/init.php(20): core\simplephp\App::run() #15 /Users/tomeyZ/workspace/SimplePHP/public/index.php(5): require('/Users/tomeyZ/w...') #16 {main} [] []
[2019-01-12 15:26:10] _LOG_.ERROR: PHP Error (1049): SQLSTATE[HY000] [1049] Unknown database 'log' in /Users/tomeyZ/workspace/SimplePHP/vendor/topthink/think-orm/src/db/Connection.php on line 503  [] []
[2019-01-12 15:28:22] _LOG_.ERROR: PHP Error (1049): SQLSTATE[HY000] [1049] Unknown database 'log' in /Users/tomeyZ/workspace/SimplePHP/vendor/topthink/think-orm/src/db/Connection.php on line 503  [] []
[2019-01-12 15:28:38] _LOG_.ERROR: PHP Error (1049): SQLSTATE[HY000] [1049] Unknown database 'log' in /Users/tomeyZ/workspace/SimplePHP/vendor/topthink/think-orm/src/db/Connection.php on line 503  [] []
[2019-01-12 15:30:28] _LOG_.ERROR: PHP Error (1049): SQLSTATE[HY000] [1049] Unknown database 'log' in /Users/tomeyZ/workspace/SimplePHP/vendor/topthink/think-orm/src/db/Connection.php on line 503  [] []
[2019-01-12 15:32:18] _LOG_.ERROR: PHP Error (1049): SQLSTATE[HY000] [1049] Unknown database 'log' in /Users/tomeyZ/workspace/SimplePHP/vendor/topthink/think-orm/src/db/Connection.php on line 503  [] []
[2019-01-12 15:32:49] _LOG_.NOTICE: PHP Error (0): syntax error, unexpected '}' in /Users/tomeyZ/workspace/SimplePHP/app/controller/Index.php on line 35  [] []
[2019-01-12 15:33:31] _LOG_.NOTICE: PHP Error (0): syntax error, unexpected '}' in /Users/tomeyZ/workspace/SimplePHP/app/controller/Index.php on line 35  [] []
[2019-01-12 15:33:58] _LOG_.NOTICE: PHP Error (0): syntax error, unexpected '}' in /Users/tomeyZ/workspace/SimplePHP/app/controller/Index.php on line 35  [] []
[2019-01-12 15:34:29] _LOG_.ERROR: PHP Error (1049): SQLSTATE[HY000] [1049] Unknown database 'log' in /Users/tomeyZ/workspace/SimplePHP/vendor/topthink/think-orm/src/db/Connection.php on line 503  [] []
[2019-01-12 15:34:39] _LOG_.ERROR: PHP Error (1049): SQLSTATE[HY000] [1049] Unknown database 'log' in /Users/tomeyZ/workspace/SimplePHP/vendor/topthink/think-orm/src/db/Connection.php on line 503  [] []
[2019-01-12 15:34:47] _LOG_.ERROR: PHP Error (1049): SQLSTATE[HY000] [1049] Unknown database 'log' in /Users/tomeyZ/workspace/SimplePHP/vendor/topthink/think-orm/src/db/Connection.php on line 503  [] []
[2019-01-12 15:38:21] _LOG_.ERROR: PHP Error (1049): SQLSTATE[HY000] [1049] Unknown database 'log' in /Users/tomeyZ/workspace/SimplePHP/vendor/topthink/think-orm/src/db/Connection.php on line 503  [] []
[2019-01-12 15:38:32] _LOG_.NOTICE: PHP Error (0): Wrong parameters for core\simplephp\ExceptionHandler([string $message [, long $code [, Throwable $previous = NULL]]]) in /Users/tomeyZ/workspace/SimplePHP/core/simplephp/ExceptionHandler.php on line 45  [] []
[2019-01-12 15:38:59] _LOG_.NOTICE: PHP Error (0): Wrong parameters for core\simplephp\ExceptionHandler([string $message [, long $code [, Throwable $previous = NULL]]]) in /Users/tomeyZ/workspace/SimplePHP/core/simplephp/ExceptionHandler.php on line 45  [] []
[2019-01-12 15:40:55] _LOG_.NOTICE: PHP Error (0): Wrong parameters for core\simplephp\ExceptionHandler([string $message [, long $code [, Throwable $previous = NULL]]]) in /Users/tomeyZ/workspace/SimplePHP/core/simplephp/ExceptionHandler.php on line 46  [] []
[2019-01-12 15:41:12] _LOG_.NOTICE: PHP Error (0): Wrong parameters for core\simplephp\ExceptionHandler([string $message [, long $code [, Throwable $previous = NULL]]]) in /Users/tomeyZ/workspace/SimplePHP/core/simplephp/ExceptionHandler.php on line 46  [] []
[2019-01-12 15:41:28] _LOG_.WARNING: PHP Warning (2): Invalid error type specified in /Users/tomeyZ/workspace/SimplePHP/core/simplephp/ErrorHandler.php on line 68  [] []
[2019-01-12 15:45:10] _LOG_.WARNING: PHP Warning (2): Invalid error type specified in /Users/tomeyZ/workspace/SimplePHP/core/simplephp/ErrorHandler.php on line 69  [] []
[2019-01-12 15:47:17] _LOG_.ERROR: PHP Fatal Error (1): this is test error in /Users/tomeyZ/workspace/SimplePHP/app/controller/Index.php on line 18  [] []
[2019-01-12 15:47:18] _LOG_.ERROR: PHP Fatal Error (1): this is test error in /Users/tomeyZ/workspace/SimplePHP/app/controller/Index.php on line 18  [] []
[2019-01-12 15:49:08] _LOG_.ERROR: PHP Compile Error (64): Cannot redeclare app\controller\Index::test() in /Users/tomeyZ/workspace/SimplePHP/core/simplephp/ErrorHandler.php on line 90  [] []
[2019-01-12 15:50:04] _LOG_.ERROR: PHP Compile Error (64): Cannot redeclare app\controller\Index::test() in /Users/tomeyZ/workspace/SimplePHP/core/simplephp/ErrorHandler.php on line 90  [] []
[2019-01-12 15:50:27] _LOG_.ERROR: PHP Compile Error (64): Cannot redeclare app\controller\Index::test() in /Users/tomeyZ/workspace/SimplePHP/core/simplephp/ErrorHandler.php on line 92  [] []
[2019-01-12 15:50:33] _LOG_.ERROR: PHP Compile Error (64): Cannot redeclare app\controller\Index::test() in /Users/tomeyZ/workspace/SimplePHP/core/simplephp/ErrorHandler.php on line 92  [] []
[2019-01-12 15:50:58] _LOG_.ERROR: PHP Compile Error (64): Cannot redeclare app\controller\Index::test() in /Users/tomeyZ/workspace/SimplePHP/core/simplephp/ErrorHandler.php on line 92  [] []
[2019-01-12 15:51:33] _LOG_.ERROR: PHP Compile Error (64): Cannot redeclare app\controller\Index::test() in /Users/tomeyZ/workspace/SimplePHP/core/simplephp/ErrorHandler.php on line 92  [] []
[2019-01-12 16:12:45] _LOG_.ERROR: PHP Compile Error (64): Cannot redeclare app\controller\Index::test() in /Users/tomeyZ/workspace/SimplePHP/core/simplephp/ErrorHandler.php on line 92  [] []
[2019-01-12 16:13:25] _LOG_.ERROR: PHP Compile Error (64): Cannot redeclare app\controller\Index::test() in /Users/tomeyZ/workspace/SimplePHP/app/controller/Index.php on line 18  [] []
[2019-01-12 16:13:40] _LOG_.ERROR: PHP Compile Error (64): Cannot redeclare app\controller\Index::test() in /Users/tomeyZ/workspace/SimplePHP/core/simplephp/ErrorHandler.php on line 92  [] []
[2019-01-12 16:13:52] _LOG_.ERROR: PHP Compile Error (64): Cannot redeclare app\controller\Index::test() in /Users/tomeyZ/workspace/SimplePHP/app/controller/Index.php on line 18  [] []
[2019-01-12 16:17:47] _LOG_.ERROR: PHP Compile Error (64): Cannot redeclare app\controller\Index::test() in /Users/tomeyZ/workspace/SimplePHP/core/simplephp/ErrorHandler.php on line 92  [] []
[2019-01-12 16:36:40] _LOG_.ERROR: PHP Compile Error (64): Cannot redeclare app\controller\Index::test() in /Users/tomeyZ/workspace/SimplePHP/app/controller/Index.php on line 18  [] []
[2019-01-12 16:42:02] _LOG_.ERROR: PHP Compile Error (64): Cannot redeclare app\controller\Index::test() in /Users/tomeyZ/workspace/SimplePHP/app/controller/Index.php on line 18  [] []
[2019-01-12 16:46:10] _LOG_.ERROR: PHP Compile Error (64): Cannot redeclare app\controller\Index::test() in /Users/tomeyZ/workspace/SimplePHP/app/controller/Index.php on line 18  [] []
[2019-01-12 16:46:11] _LOG_.ERROR: PHP Compile Error (64): Cannot redeclare app\controller\Index::test() in /Users/tomeyZ/workspace/SimplePHP/app/controller/Index.php on line 18  [] []
[2019-01-12 16:46:22] _LOG_.ERROR: PHP Error (1049): SQLSTATE[HY000] [1049] Unknown database 'log' in /Users/tomeyZ/workspace/SimplePHP/vendor/topthink/think-orm/src/db/Connection.php on line 503  [] []
[2019-01-12 16:46:55] _LOG_.ERROR: PHP Error (1049): SQLSTATE[HY000] [1049] Unknown database 'log' in /Users/tomeyZ/workspace/SimplePHP/vendor/topthink/think-orm/src/db/Connection.php on line 503  [] []
[2019-01-12 16:47:01] _LOG_.NOTICE: PHP Error (0): not support data:id- in /Users/tomeyZ/workspace/SimplePHP/vendor/topthink/think-orm/src/db/builder/Mysql.php on line 145  [] []
[2019-01-12 16:48:35] _LOG_.ERROR: PHP Error (1049): SQLSTATE[HY000] [1049] Unknown database 'log' in /Users/tomeyZ/workspace/SimplePHP/vendor/topthink/think-orm/src/db/Connection.php on line 503  [] []
[2019-01-12 16:49:28] _LOG_.ERROR: PHP Compile Error (64): Cannot redeclare app\controller\Index::test() in /Users/tomeyZ/workspace/SimplePHP/app/controller/Index.php on line 18  [] []
[2019-01-12 16:49:48] _LOG_.NOTICE: PHP Error (0): syntax error, unexpected '}' in /Users/tomeyZ/workspace/SimplePHP/app/controller/Index.php on line 39  [] []
[2019-01-12 16:51:21] _LOG_.NOTICE: PHP Error (0): syntax error, unexpected '}' in /Users/tomeyZ/workspace/SimplePHP/app/controller/Index.php on line 39  [] []
[2019-01-12 16:51:30] _LOG_.NOTICE: PHP Error (0): not support data:id- in /Users/tomeyZ/workspace/SimplePHP/vendor/topthink/think-orm/src/db/builder/Mysql.php on line 145  [] []
[2019-01-12 16:52:15] _LOG_.INFO: PHP Deprecated (8192): ini_set(): Use of mbstring.internal_encoding is deprecated in /Users/tomeyZ/workspace/SimplePHP/app/controller/Index.php on line 23  [] []
[2019-01-12 16:53:00] _LOG_.INFO: PHP Deprecated (8192): ini_set(): Use of mbstring.internal_encoding is deprecated in /Users/tomeyZ/workspace/SimplePHP/app/controller/Index.php on line 23  [] []
[2019-01-12 16:53:01] _LOG_.INFO: PHP Deprecated (8192): ini_set(): Use of mbstring.internal_encoding is deprecated in /Users/tomeyZ/workspace/SimplePHP/app/controller/Index.php on line 23  [] []
[2019-01-12 16:54:01] _LOG_.INFO: PHP Deprecated (8192): ini_set(): Use of mbstring.internal_encoding is deprecated in /Users/tomeyZ/workspace/SimplePHP/app/controller/Index.php on line 23  [] []
[2019-01-12 16:54:07] _LOG_.NOTICE: PHP Error (0): not support data:id- in /Users/tomeyZ/workspace/SimplePHP/vendor/topthink/think-orm/src/db/builder/Mysql.php on line 145  [] []
[2019-01-12 16:55:25] _LOG_.ERROR: PHP Error (1049): SQLSTATE[HY000] [1049] Unknown database 'log' in /Users/tomeyZ/workspace/SimplePHP/vendor/topthink/think-orm/src/db/Connection.php on line 503  [] []
[2019-01-12 17:01:10] _LOG_.INFO: PHP Deprecated (8192): ini_set(): Use of mbstring.internal_encoding is deprecated in /Users/tomeyZ/workspace/SimplePHP/app/controller/Index.php on line 23  [] []
[2019-01-12 17:02:09] _LOG_.INFO: PHP Deprecated (8192): ini_set(): Use of mbstring.internal_encoding is deprecated in /Users/tomeyZ/workspace/SimplePHP/app/controller/Index.php on line 23  [] []
[2019-01-12 17:02:41] _LOG_.ERROR: Framework Error (1000): /Users/tomeyZ/workspace/SimplePHP/app/view/Index/index模板文件不存在 in /Users/tomeyZ/workspace/SimplePHP/core/simplephp/Controller.php on line 52  [] []
[2019-01-12 17:03:19] _LOG_.NOTICE: Think-orm Error (0): syntax error, unexpected 'WithErrorHandling' (T_STRING) in /Users/tomeyZ/workspace/SimplePHP/vendor/twig/twig/lib/Twig/Template.php on line 367  [] []
[2019-01-12 17:14:31] _LOG_.NOTICE:  (0): syntax error, unexpected 'WithErrorHandling' (T_STRING) in /Users/tomeyZ/workspace/SimplePHP/vendor/twig/twig/lib/Twig/Template.php on line 367  [] []
[2019-01-12 17:15:33] _LOG_.NOTICE: Error (0): syntax error, unexpected 'WithErrorHandling' (T_STRING) in /Users/tomeyZ/workspace/SimplePHP/vendor/twig/twig/lib/Twig/Template.php on line 367  [] []
[2019-01-12 17:16:16] _LOG_.ERROR: Error (1049): SQLSTATE[HY000] [1049] Unknown database 'log' in /Users/tomeyZ/workspace/SimplePHP/vendor/topthink/think-orm/src/db/Connection.php on line 503  [] []
[2019-01-12 17:20:08] _LOG_.ERROR: Error (1000): /Users/tomeyZ/workspace/SimplePHP/app/model/UserDetails.php实例化模型类不存在 in /Users/tomeyZ/workspace/SimplePHP/app/controller/Index.php on line 10  [] []
[2019-01-12 17:20:34] _LOG_.ERROR: Error (1045): SQLSTATE[HY000] [1045] Access denied for user 'root'@'localhost' (using password: YES) in /Users/tomeyZ/workspace/SimplePHP/vendor/topthink/think-orm/src/db/Connection.php on line 503  [] []
[2019-01-12 17:22:50] _LOG_.NOTICE: Error (0): 请求异常 in /Users/tomeyZ/workspace/SimplePHP/core/simplephp/Route.php on line 35  [] []
[2019-01-12 17:23:05] _LOG_.NOTICE: Error (0): 请求异常 in /Users/tomeyZ/workspace/SimplePHP/core/simplephp/Route.php on line 35  [] []
[2019-01-12 17:26:18] _LOG_.NOTICE: Error (0): /Users/tomeyZ/workspace/SimplePHP/app/view//Index//user.html模板文件不存在 in /Users/tomeyZ/workspace/SimplePHP/core/simplephp/View.php on line 82  [] []
[2019-01-12 17:27:08] _LOG_.NOTICE: Error (0): Users/tomeyZ/workspace/SimplePHP/app/view//Index/user.html模板文件不存在 in /Users/tomeyZ/workspace/SimplePHP/core/simplephp/View.php on line 83  [] []
[2019-01-12 17:27:09] _LOG_.NOTICE: Error (0): Users/tomeyZ/workspace/SimplePHP/app/view//Index/user.html模板文件不存在 in /Users/tomeyZ/workspace/SimplePHP/core/simplephp/View.php on line 83  [] []
[2019-01-12 17:27:19] _LOG_.NOTICE: Error (0): /Users/tomeyZ/workspace/SimplePHP/app/view//Index//user.html模板文件不存在 in /Users/tomeyZ/workspace/SimplePHP/core/simplephp/View.php on line 84  [] []
[2019-01-12 17:27:23] _LOG_.NOTICE: Error (0): /Users/tomeyZ/workspace/SimplePHP/app/view//Index//user.html模板文件不存在 in /Users/tomeyZ/workspace/SimplePHP/core/simplephp/View.php on line 84  [] []
[2019-01-12 17:27:39] _LOG_.NOTICE: Error (0): /Users/tomeyZ/workspace/SimplePHP/app/view//Index//user.html模板文件不存在 in /Users/tomeyZ/workspace/SimplePHP/core/simplephp/View.php on line 84  [] []
[2019-01-12 17:27:50] _LOG_.NOTICE: Error (0): /Users/tomeyZ/workspace/SimplePHP/app/view/Index//user.html模板文件不存在 in /Users/tomeyZ/workspace/SimplePHP/core/simplephp/View.php on line 84  [] []
[2019-01-12 17:28:42] _LOG_.NOTICE: Error (0): /Users/tomeyZ/workspace/SimplePHP/app/view/Index//user.html模板文件不存在 in /Users/tomeyZ/workspace/SimplePHP/core/simplephp/View.php on line 85  [] []
[2019-01-12 17:28:53] _LOG_.NOTICE: Error (0): /Users/tomeyZ/workspace/SimplePHP/app/view//Index//user.html模板文件不存在 in /Users/tomeyZ/workspace/SimplePHP/core/simplephp/View.php on line 85  [] []
[2019-01-12 17:29:00] _LOG_.NOTICE: Error (0): /Users/tomeyZ/workspace/SimplePHP/app/view/Index//user.html模板文件不存在 in /Users/tomeyZ/workspace/SimplePHP/core/simplephp/View.php on line 85  [] []
[2019-01-12 17:29:30] _LOG_.NOTICE: Error (0): Users/tomeyZ/workspace/SimplePHP/app/view/Index/user.html模板文件不存在 in /Users/tomeyZ/workspace/SimplePHP/core/simplephp/View.php on line 84  [] []
[2019-01-12 17:29:41] _LOG_.NOTICE: Error (0): Users/tomeyZ/workspace/SimplePHP/app/view/Index/user.html模板文件不存在 in /Users/tomeyZ/workspace/SimplePHP/core/simplephp/View.php on line 85  [] []
[2019-01-12 17:29:50] _LOG_.NOTICE: Error (0): /Users/tomeyZ/workspace/SimplePHP/app/view/Index//user.html模板文件不存在 in /Users/tomeyZ/workspace/SimplePHP/core/simplephp/View.php on line 85  [] []
[2019-01-12 17:30:12] _LOG_.NOTICE: Error (0): Users/tomeyZ/workspace/SimplePHP/app/view/Index/user.html模板文件不存在 in /Users/tomeyZ/workspace/SimplePHP/core/simplephp/View.php on line 86  [] []
[2019-01-12 17:30:25] _LOG_.NOTICE: Error (0): /Users/tomeyZ/workspace/SimplePHP/app/view/Index/user.html模板文件不存在 in /Users/tomeyZ/workspace/SimplePHP/core/simplephp/View.php on line 86  [] []
[2019-01-12 17:32:00] _LOG_.NOTICE: Error (0): /Users/tomeyZ/workspace/SimplePHP/app/view/Index/user.html模板文件不存在 in /Users/tomeyZ/workspace/SimplePHP/core/simplephp/View.php on line 84  [] []
[2019-01-12 17:32:00] _LOG_.NOTICE: Error (0): /Users/tomeyZ/workspace/SimplePHP/app/view/Index/user.html模板文件不存在 in /Users/tomeyZ/workspace/SimplePHP/core/simplephp/View.php on line 84  [] []
[2019-01-12 17:32:01] _LOG_.NOTICE: Error (0): /Users/tomeyZ/workspace/SimplePHP/app/view/Index/user.html模板文件不存在 in /Users/tomeyZ/workspace/SimplePHP/core/simplephp/View.php on line 84  [] []
[2019-01-12 17:32:02] _LOG_.NOTICE: Error (0): /Users/tomeyZ/workspace/SimplePHP/app/view/Index/user.html模板文件不存在 in /Users/tomeyZ/workspace/SimplePHP/core/simplephp/View.php on line 84  [] []
[2019-01-12 17:32:02] _LOG_.NOTICE: Error (0): /Users/tomeyZ/workspace/SimplePHP/app/view/Index/user.html模板文件不存在 in /Users/tomeyZ/workspace/SimplePHP/core/simplephp/View.php on line 84  [] []
[2019-01-12 17:32:02] _LOG_.NOTICE: Error (0): /Users/tomeyZ/workspace/SimplePHP/app/view/Index/user.html模板文件不存在 in /Users/tomeyZ/workspace/SimplePHP/core/simplephp/View.php on line 84  [] []
[2019-01-12 17:32:03] _LOG_.NOTICE: Error (0): /Users/tomeyZ/workspace/SimplePHP/app/view/Index/user.html模板文件不存在 in /Users/tomeyZ/workspace/SimplePHP/core/simplephp/View.php on line 84  [] []
[2019-01-12 17:32:34] _LOG_.NOTICE: Error (0): /Users/tomeyZ/workspace/SimplePHP/app/view/Index/user.html模板文件不存在 in /Users/tomeyZ/workspace/SimplePHP/core/simplephp/View.php on line 84  [] []
[2019-01-12 17:33:23] _LOG_.NOTICE: Error (0): /Users/tomeyZ/workspace/SimplePHP/app/view/Index/user.html模板文件不存在 in /Users/tomeyZ/workspace/SimplePHP/core/simplephp/View.php on line 84 #0 /Users/tomeyZ/workspace/SimplePHP/core/simplephp/Controller.php(52): core\simplephp\View->display('user.html') #1 /Users/tomeyZ/workspace/SimplePHP/app/controller/Index.php(13): core\simplephp\Controller->display('/Index/user.htm...') #2 /Users/tomeyZ/workspace/SimplePHP/core/simplephp/App.php(36): app\controller\Index->index() #3 /Users/tomeyZ/workspace/SimplePHP/core/init.php(20): core\simplephp\App::run() #4 /Users/tomeyZ/workspace/SimplePHP/public/index.php(5): require('/Users/tomeyZ/w...') #5 {main} [] []
[2019-01-12 17:42:36] _LOG_.NOTICE: Error (0): indexw方法不存在 in /Users/tomeyZ/workspace/SimplePHP/core/simplephp/App.php on line 33  [] []
[2019-01-12 17:42:40] _LOG_.NOTICE: Error (0): indexs方法不存在 in /Users/tomeyZ/workspace/SimplePHP/core/simplephp/App.php on line 33  [] []
[2019-01-12 17:43:25] _LOG_.NOTICE: Error (0): Helloworld控制器不存在 in /Users/tomeyZ/workspace/SimplePHP/core/simplephp/App.php on line 39  [] []
[2019-01-12 17:50:51] _LOG_.NOTICE: Error (0): /Users/tomeyZ/workspace/SimplePHP/app/view/Index/index.html模板文件不存在 in /Users/tomeyZ/workspace/SimplePHP/core/simplephp/View.php on line 84 #0 /Users/tomeyZ/workspace/SimplePHP/core/simplephp/Controller.php(52): core\simplephp\View->display('index.html') #1 /Users/tomeyZ/workspace/SimplePHP/app/controller/Index.php(15): core\simplephp\Controller->display() #2 /Users/tomeyZ/workspace/SimplePHP/core/simplephp/App.php(36): app\controller\Index->index() #3 /Users/tomeyZ/workspace/SimplePHP/core/init.php(20): core\simplephp\App::run() #4 /Users/tomeyZ/workspace/SimplePHP/public/index.php(5): require('/Users/tomeyZ/w...') #5 {main} [] []
[2019-01-12 18:07:39] _LOG_.NOTICE: Error (0): test方法不存在 in /Users/tomeyZ/workspace/SimplePHP/core/simplephp/App.php on line 33  [] []
[2019-01-12 18:09:22] _LOG_.ERROR: Error (10501): SQLSTATE[42S22]: Column not found: 1054 Unknown column 'id' in 'where clause' in /Users/tomeyZ/workspace/SimplePHP/vendor/topthink/think-orm/src/db/Connection.php on line 661  [] []
[2019-01-12 18:11:07] _LOG_.ERROR: Error (10501): SQLSTATE[42S22]: Column not found: 1054 Unknown column 'id' in 'where clause' in /Users/tomeyZ/workspace/SimplePHP/vendor/topthink/think-orm/src/db/Connection.php on line 661  [] []
[2019-01-12 18:11:30] _LOG_.ERROR: Error (10501): SQLSTATE[42S22]: Column not found: 1054 Unknown column 'id' in 'where clause' in /Users/tomeyZ/workspace/SimplePHP/vendor/topthink/think-orm/src/db/Connection.php on line 661  [] []
[2019-01-12 23:12:13] _LOG_.NOTICE: PHP Notice (8): Undefined offset: 1 in /Users/tomeyZ/workspace/SimplePHP/core/simplephp/Route.php on line 76  [] []
[2019-01-12 23:12:14] _LOG_.NOTICE: PHP Notice (8): Undefined offset: 1 in /Users/tomeyZ/workspace/SimplePHP/core/simplephp/Route.php on line 76  [] []
[2019-01-12 23:12:15] _LOG_.NOTICE: PHP Notice (8): Undefined offset: 1 in /Users/tomeyZ/workspace/SimplePHP/core/simplephp/Route.php on line 76  [] []
[2019-01-12 23:12:15] _LOG_.NOTICE: PHP Notice (8): Undefined offset: 1 in /Users/tomeyZ/workspace/SimplePHP/core/simplephp/Route.php on line 76  [] []
[2019-01-12 23:12:16] _LOG_.NOTICE: PHP Notice (8): Undefined offset: 1 in /Users/tomeyZ/workspace/SimplePHP/core/simplephp/Route.php on line 76  [] []
[2019-01-12 23:12:17] _LOG_.NOTICE: PHP Notice (8): Undefined offset: 1 in /Users/tomeyZ/workspace/SimplePHP/core/simplephp/Route.php on line 76  [] []
[2019-01-12 23:12:17] _LOG_.NOTICE: PHP Notice (8): Undefined offset: 1 in /Users/tomeyZ/workspace/SimplePHP/core/simplephp/Route.php on line 76  [] []
[2019-01-12 23:12:18] _LOG_.NOTICE: PHP Notice (8): Undefined offset: 1 in /Users/tomeyZ/workspace/SimplePHP/core/simplephp/Route.php on line 76  [] []
[2019-01-12 23:13:50] _LOG_.NOTICE: Error (0): getUserDat方法不存在 in /Users/tomeyZ/workspace/SimplePHP/core/simplephp/App.php on line 33  [] []
[2019-01-12 23:13:51] _LOG_.NOTICE: Error (0): getUserDat方法不存在 in /Users/tomeyZ/workspace/SimplePHP/core/simplephp/App.php on line 33  [] []
[2019-01-12 23:13:51] _LOG_.NOTICE: Error (0): getUserDat方法不存在 in /Users/tomeyZ/workspace/SimplePHP/core/simplephp/App.php on line 33  [] []
[2019-01-12 23:13:52] _LOG_.NOTICE: Error (0): getUserDat方法不存在 in /Users/tomeyZ/workspace/SimplePHP/core/simplephp/App.php on line 33  [] []
[2019-01-12 23:23:00] _LOG_.ERROR: Framework Error (1000): getUserDat方法不存在 in /Users/tomeyZ/workspace/SimplePHP/core/init.php on line 20  [] []
[2019-01-12 23:24:02] _LOG_.ERROR: Framework Error (1000): Indexs控制器不存在 in /Users/tomeyZ/workspace/SimplePHP/core/init.php on line 20  [] []
[2019-01-12 23:24:03] _LOG_.ERROR: Framework Error (1000): Indexs控制器不存在 in /Users/tomeyZ/workspace/SimplePHP/core/init.php on line 20  [] []
[2019-01-12 23:24:04] _LOG_.ERROR: Framework Error (1000): Indexs控制器不存在 in /Users/tomeyZ/workspace/SimplePHP/core/init.php on line 20  [] []
[2019-01-12 23:24:18] _LOG_.NOTICE: Error (0): syntax error, unexpected '$users' (T_VARIABLE) in /Users/tomeyZ/workspace/SimplePHP/app/controller/Index.php on line 29  [] []
[2019-01-12 23:24:38] _LOG_.NOTICE: Error (0): syntax error, unexpected ';', expecting ',' or ')' in /Users/tomeyZ/workspace/SimplePHP/app/controller/Index.php on line 28  [] []
[2019-01-12 23:24:39] _LOG_.NOTICE: Error (0): syntax error, unexpected ';', expecting ',' or ')' in /Users/tomeyZ/workspace/SimplePHP/app/controller/Index.php on line 28  [] []
[2019-01-12 23:24:40] _LOG_.NOTICE: Error (0): syntax error, unexpected ';', expecting ',' or ')' in /Users/tomeyZ/workspace/SimplePHP/app/controller/Index.php on line 28  [] []
[2019-01-12 23:24:40] _LOG_.NOTICE: Error (0): syntax error, unexpected ';', expecting ',' or ')' in /Users/tomeyZ/workspace/SimplePHP/app/controller/Index.php on line 28  [] []
[2019-01-12 23:26:23] _LOG_.NOTICE: PHP Notice (8): Undefined offset: 1 in /Users/tomeyZ/workspace/SimplePHP/core/simplephp/Route.php on line 76 #0 /Users/tomeyZ/workspace/SimplePHP/core/simplephp/Route.php(76): core\simplephp\ErrorHandler->handleError(8, 'Undefined offse...', '/Users/tomeyZ/w...', 76, Array) #1 /Users/tomeyZ/workspace/SimplePHP/core/simplephp/Route.php(54): core\simplephp\Route::parseUrlQuery('/Index/index') #2 /Users/tomeyZ/workspace/SimplePHP/core/simplephp/App.php(23): core\simplephp\Route->__construct() #3 /Users/tomeyZ/workspace/SimplePHP/core/init.php(20): core\simplephp\App::run() #4 /Users/tomeyZ/workspace/SimplePHP/public/index.php(5): require('/Users/tomeyZ/w...') #5 {main} [] []
